<?xml version="1.0" encoding="UTF-8" ?>
<testsuite failures="0" time="9.703" errors="1" skipped="0" tests="1" name="com.edu.webapp.listener.StartupListenerTest">
  <properties>
    <property name="java.runtime.name" value="Java(TM) SE Runtime Environment"/>
    <property name="sun.boot.library.path" value="C:\Program Files\Java\jdk1.6.0_24\jre\bin"/>
    <property name="java.vm.version" value="19.1-b02"/>
    <property name="java.vm.vendor" value="Sun Microsystems Inc."/>
    <property name="java.vendor.url" value="http://java.sun.com/"/>
    <property name="path.separator" value=";"/>
    <property name="java.vm.name" value="Java HotSpot(TM) Client VM"/>
    <property name="file.encoding.pkg" value="sun.io"/>
    <property name="user.country" value="CA"/>
    <property name="sun.java.launcher" value="SUN_STANDARD"/>
    <property name="sun.os.patch.level" value="Service Pack 2"/>
    <property name="java.vm.specification.name" value="Java Virtual Machine Specification"/>
    <property name="user.dir" value="D:\project\edu\core"/>
    <property name="java.runtime.version" value="1.6.0_24-b07"/>
    <property name="java.awt.graphicsenv" value="sun.awt.Win32GraphicsEnvironment"/>
    <property name="basedir" value="D:\project\edu\core"/>
    <property name="java.endorsed.dirs" value="C:\Program Files\Java\jdk1.6.0_24\jre\lib\endorsed"/>
    <property name="os.arch" value="x86"/>
    <property name="surefire.real.class.path" value="D:\project\edu\core\target\surefire\surefirebooter6966975771687154696.jar"/>
    <property name="java.io.tmpdir" value="C:\DOCUME~1\ADMINI~1\LOCALS~1\Temp\"/>
    <property name="line.separator" value="
"/>
    <property name="java.vm.specification.vendor" value="Sun Microsystems Inc."/>
    <property name="user.variant" value=""/>
    <property name="os.name" value="Windows XP"/>
    <property name="sun.jnu.encoding" value="GBK"/>
    <property name="java.library.path" value="C:\Program Files\Java\jdk1.6.0_24\jre\bin;.;C:\WINDOWS\Sun\Java\bin;C:\WINDOWS\system32;C:\WINDOWS;C:\Program Files\Java\jdk1.6.0_24\jre\bin;C:/Program Files/Java/jre6/bin/client;C:/Program Files/Java/jre6/bin;C:/Program Files/Java/jre6/lib/i386;C:\WINDOWS\system32;C:\WINDOWS;C:\WINDOWS\System32\Wbem;D:\tools\Samsung PC Studio 3;C:\Program Files\Common Files\Thunder Network\KanKan\Codecs;;C:\Program Files\Java\jdk1.6.0_24\bin;d:\maven\\bin;D:\tools\StormII\Codec\QTSystem\;d:\tools\StormII\Codec;d:\tools\StormII;D:\eclipse;"/>
    <property name="surefire.test.class.path" value="D:\project\edu\core\target\test-classes;D:\project\edu\core\target\classes;C:\Documents and Settings\Administrator\.m2\repository\org\appfuse\appfuse-service\2.1.0\appfuse-service-2.1.0.jar;C:\Documents and Settings\Administrator\.m2\repository\velocity\velocity\1.4\velocity-1.4.jar;C:\Documents and Settings\Administrator\.m2\repository\velocity\velocity-dep\1.4\velocity-dep-1.4.jar;C:\Documents and Settings\Administrator\.m2\repository\org\apache\cxf\cxf-rt-frontend-jaxrs\2.3.3\cxf-rt-frontend-jaxrs-2.3.3.jar;C:\Documents and Settings\Administrator\.m2\repository\org\apache\cxf\cxf-api\2.3.3\cxf-api-2.3.3.jar;C:\Documents and Settings\Administrator\.m2\repository\org\apache\neethi\neethi\2.0.4\neethi-2.0.4.jar;C:\Documents and Settings\Administrator\.m2\repository\wsdl4j\wsdl4j\1.6.2\wsdl4j-1.6.2.jar;C:\Documents and Settings\Administrator\.m2\repository\org\apache\cxf\cxf-common-schemas\2.3.3\cxf-common-schemas-2.3.3.jar;C:\Documents and Settings\Administrator\.m2\repository\org\apache\cxf\cxf-rt-core\2.3.3\cxf-rt-core-2.3.3.jar;C:\Documents and Settings\Administrator\.m2\repository\com\sun\xml\bind\jaxb-impl\2.1.13\jaxb-impl-2.1.13.jar;C:\Documents and Settings\Administrator\.m2\repository\org\apache\geronimo\specs\geronimo-javamail_1.4_spec\1.7.1\geronimo-javamail_1.4_spec-1.7.1.jar;C:\Documents and Settings\Administrator\.m2\repository\javax\ws\rs\jsr311-api\1.1.1\jsr311-api-1.1.1.jar;C:\Documents and Settings\Administrator\.m2\repository\org\apache\cxf\cxf-rt-bindings-xml\2.3.3\cxf-rt-bindings-xml-2.3.3.jar;C:\Documents and Settings\Administrator\.m2\repository\org\codehaus\jettison\jettison\1.2\jettison-1.2.jar;C:\Documents and Settings\Administrator\.m2\repository\org\codehaus\woodstox\woodstox-core-asl\4.1.1\woodstox-core-asl-4.1.1.jar;C:\Documents and Settings\Administrator\.m2\repository\javax\xml\stream\stax-api\1.0-2\stax-api-1.0-2.jar;C:\Documents and Settings\Administrator\.m2\repository\org\codehaus\woodstox\stax2-api\3.1.1\stax2-api-3.1.1.jar;C:\Documents and Settings\Administrator\.m2\repository\org\apache\cxf\cxf-common-utilities\2.3.3\cxf-common-utilities-2.3.3.jar;C:\Documents and Settings\Administrator\.m2\repository\org\apache\ws\commons\schema\XmlSchema\1.4.7\XmlSchema-1.4.7.jar;C:\Documents and Settings\Administrator\.m2\repository\org\apache\cxf\cxf-rt-transports-http\2.3.3\cxf-rt-transports-http-2.3.3.jar;C:\Documents and Settings\Administrator\.m2\repository\org\apache\cxf\cxf-rt-transports-common\2.3.3\cxf-rt-transports-common-2.3.3.jar;C:\Documents and Settings\Administrator\.m2\repository\org\apache\cxf\cxf-rt-frontend-jaxws\2.3.3\cxf-rt-frontend-jaxws-2.3.3.jar;C:\Documents and Settings\Administrator\.m2\repository\xml-resolver\xml-resolver\1.2\xml-resolver-1.2.jar;C:\Documents and Settings\Administrator\.m2\repository\asm\asm\3.3\asm-3.3.jar;C:\Documents and Settings\Administrator\.m2\repository\org\apache\cxf\cxf-rt-bindings-soap\2.3.3\cxf-rt-bindings-soap-2.3.3.jar;C:\Documents and Settings\Administrator\.m2\repository\org\apache\cxf\cxf-tools-common\2.3.3\cxf-tools-common-2.3.3.jar;C:\Documents and Settings\Administrator\.m2\repository\org\apache\cxf\cxf-rt-databinding-jaxb\2.3.3\cxf-rt-databinding-jaxb-2.3.3.jar;C:\Documents and Settings\Administrator\.m2\repository\org\apache\cxf\cxf-rt-frontend-simple\2.3.3\cxf-rt-frontend-simple-2.3.3.jar;C:\Documents and Settings\Administrator\.m2\repository\org\apache\cxf\cxf-rt-ws-addr\2.3.3\cxf-rt-ws-addr-2.3.3.jar;C:\Documents and Settings\Administrator\.m2\repository\org\codehaus\jackson\jackson-jaxrs\1.7.1\jackson-jaxrs-1.7.1.jar;C:\Documents and Settings\Administrator\.m2\repository\org\codehaus\jackson\jackson-core-asl\1.7.1\jackson-core-asl-1.7.1.jar;C:\Documents and Settings\Administrator\.m2\repository\org\codehaus\jackson\jackson-mapper-asl\1.7.1\jackson-mapper-asl-1.7.1.jar;C:\Documents and Settings\Administrator\.m2\repository\org\springframework\spring-aspects\3.0.5.RELEASE\spring-aspects-3.0.5.RELEASE.jar;C:\Documents and Settings\Administrator\.m2\repository\org\springframework\spring-context-support\3.0.5.RELEASE\spring-context-support-3.0.5.RELEASE.jar;C:\Documents and Settings\Administrator\.m2\repository\commons-dbcp\commons-dbcp\1.3\commons-dbcp-1.3.jar;C:\Documents and Settings\Administrator\.m2\repository\commons-pool\commons-pool\1.5.4\commons-pool-1.5.4.jar;C:\Documents and Settings\Administrator\.m2\repository\org\directwebremoting\dwr\2.0.3\dwr-2.0.3.jar;C:\Documents and Settings\Administrator\.m2\repository\net\sf\ehcache\ehcache-web\2.0.3\ehcache-web-2.0.3.jar;C:\Documents and Settings\Administrator\.m2\repository\javax\servlet\jstl\1.1.2\jstl-1.1.2.jar;C:\Documents and Settings\Administrator\.m2\repository\taglibs\standard\1.1.2\standard-1.1.2.jar;C:\Documents and Settings\Administrator\.m2\repository\struts-menu\struts-menu\2.4.3\struts-menu-2.4.3.jar;C:\Documents and Settings\Administrator\.m2\repository\commons-digester\commons-digester\1.7\commons-digester-1.7.jar;C:\Documents and Settings\Administrator\.m2\repository\velocity-tools\velocity-tools-view\1.0\velocity-tools-view-1.0.jar;C:\Documents and Settings\Administrator\.m2\repository\opensymphony\sitemesh\2.4.2\sitemesh-2.4.2.jar;C:\Documents and Settings\Administrator\.m2\repository\org\springframework\spring-aop\3.0.5.RELEASE\spring-aop-3.0.5.RELEASE.jar;C:\Documents and Settings\Administrator\.m2\repository\aopalliance\aopalliance\1.0\aopalliance-1.0.jar;C:\Documents and Settings\Administrator\.m2\repository\org\springframework\spring-asm\3.0.5.RELEASE\spring-asm-3.0.5.RELEASE.jar;C:\Documents and Settings\Administrator\.m2\repository\org\springframework\spring-beans\3.0.5.RELEASE\spring-beans-3.0.5.RELEASE.jar;C:\Documents and Settings\Administrator\.m2\repository\org\springframework\spring-core\3.0.5.RELEASE\spring-core-3.0.5.RELEASE.jar;C:\Documents and Settings\Administrator\.m2\repository\org\springframework\security\spring-security-taglibs\3.0.5.RELEASE\spring-security-taglibs-3.0.5.RELEASE.jar;C:\Documents and Settings\Administrator\.m2\repository\org\springframework\security\spring-security-web\3.0.5.RELEASE\spring-security-web-3.0.5.RELEASE.jar;C:\Documents and Settings\Administrator\.m2\repository\org\springframework\security\spring-security-acl\3.0.5.RELEASE\spring-security-acl-3.0.5.RELEASE.jar;C:\Documents and Settings\Administrator\.m2\repository\org\springframework\spring-webmvc\3.0.5.RELEASE\spring-webmvc-3.0.5.RELEASE.jar;C:\Documents and Settings\Administrator\.m2\repository\org\springframework\spring-context\3.0.5.RELEASE\spring-context-3.0.5.RELEASE.jar;C:\Documents and Settings\Administrator\.m2\repository\org\springframework\spring-expression\3.0.5.RELEASE\spring-expression-3.0.5.RELEASE.jar;C:\Documents and Settings\Administrator\.m2\repository\org\springframework\spring-web\3.0.5.RELEASE\spring-web-3.0.5.RELEASE.jar;C:\Documents and Settings\Administrator\.m2\repository\org\tuckey\urlrewritefilter\3.1.0\urlrewritefilter-3.1.0.jar;C:\Documents and Settings\Administrator\.m2\repository\commons-lang\commons-lang\2.6\commons-lang-2.6.jar;C:\Documents and Settings\Administrator\.m2\repository\org\springframework\security\spring-security-core\3.0.5.RELEASE\spring-security-core-3.0.5.RELEASE.jar;C:\Documents and Settings\Administrator\.m2\repository\org\springframework\spring-tx\3.0.3.RELEASE\spring-tx-3.0.3.RELEASE.jar;C:\Documents and Settings\Administrator\.m2\repository\org\springframework\security\spring-security-config\3.0.5.RELEASE\spring-security-config-3.0.5.RELEASE.jar;C:\Documents and Settings\Administrator\.m2\repository\org\aspectj\aspectjweaver\1.6.10\aspectjweaver-1.6.10.jar;C:\Documents and Settings\Administrator\.m2\repository\org\aspectj\aspectjrt\1.6.10\aspectjrt-1.6.10.jar;C:\Documents and Settings\Administrator\.m2\repository\org\slf4j\slf4j-api\1.6.1\slf4j-api-1.6.1.jar;C:\Documents and Settings\Administrator\.m2\repository\org\slf4j\jcl-over-slf4j\1.6.1\jcl-over-slf4j-1.6.1.jar;C:\Documents and Settings\Administrator\.m2\repository\org\slf4j\slf4j-log4j12\1.6.1\slf4j-log4j12-1.6.1.jar;C:\Documents and Settings\Administrator\.m2\repository\log4j\log4j\1.2.16\log4j-1.2.16.jar;C:\Documents and Settings\Administrator\.m2\repository\org\appfuse\appfuse-hibernate\2.1.0\appfuse-hibernate-2.1.0.jar;C:\Documents and Settings\Administrator\.m2\repository\org\appfuse\appfuse-data-common\2.1.0\appfuse-data-common-2.1.0.jar;C:\Documents and Settings\Administrator\.m2\repository\org\hibernate\java-persistence\jpa-api\2.0-cr-1\jpa-api-2.0-cr-1.jar;C:\Documents and Settings\Administrator\.m2\repository\javax\xml\bind\jaxb-api\2.2\jaxb-api-2.2.jar;C:\Documents and Settings\Administrator\.m2\repository\org\compass-project\compass\2.2.0\compass-2.2.0.jar;C:\Documents and Settings\Administrator\.m2\repository\org\apache\lucene\lucene-core\2.4.1\lucene-core-2.4.1.jar;C:\Documents and Settings\Administrator\.m2\repository\org\hibernate\hibernate-core\3.6.1.Final\hibernate-core-3.6.1.Final.jar;C:\Documents and Settings\Administrator\.m2\repository\antlr\antlr\2.7.6\antlr-2.7.6.jar;C:\Documents and Settings\Administrator\.m2\repository\dom4j\dom4j\1.6.1\dom4j-1.6.1.jar;C:\Documents and Settings\Administrator\.m2\repository\org\hibernate\hibernate-commons-annotations\3.2.0.Final\hibernate-commons-annotations-3.2.0.Final.jar;C:\Documents and Settings\Administrator\.m2\repository\org\hibernate\javax\persistence\hibernate-jpa-2.0-api\1.0.0.Final\hibernate-jpa-2.0-api-1.0.0.Final.jar;C:\Documents and Settings\Administrator\.m2\repository\javax\transaction\jta\1.1\jta-1.1.jar;C:\Documents and Settings\Administrator\.m2\repository\javassist\javassist\3.12.1.GA\javassist-3.12.1.GA.jar;C:\Documents and Settings\Administrator\.m2\repository\org\hibernate\hibernate-ehcache\3.6.1.Final\hibernate-ehcache-3.6.1.Final.jar;C:\Documents and Settings\Administrator\.m2\repository\net\sf\ehcache\ehcache-core\2.3.1\ehcache-core-2.3.1.jar;C:\Documents and Settings\Administrator\.m2\repository\commons-beanutils\commons-beanutils\1.8.3\commons-beanutils-1.8.3.jar;C:\Documents and Settings\Administrator\.m2\repository\org\springframework\spring-jdbc\3.0.5.RELEASE\spring-jdbc-3.0.5.RELEASE.jar;C:\Documents and Settings\Administrator\.m2\repository\org\springframework\spring-orm\3.0.5.RELEASE\spring-orm-3.0.5.RELEASE.jar;C:\Documents and Settings\Administrator\.m2\repository\mysql\mysql-connector-java\5.1.14\mysql-connector-java-5.1.14.jar;C:\Documents and Settings\Administrator\.m2\repository\displaytag\displaytag\1.2\displaytag-1.2.jar;C:\Documents and Settings\Administrator\.m2\repository\commons-collections\commons-collections\3.1\commons-collections-3.1.jar;C:\Documents and Settings\Administrator\.m2\repository\com\lowagie\itext\1.3\itext-1.3.jar;C:\Documents and Settings\Administrator\.m2\repository\javax\servlet\servlet-api\2.5\servlet-api-2.5.jar;C:\Documents and Settings\Administrator\.m2\repository\javax\servlet\jsp\jsp-api\2.1\jsp-api-2.1.jar;C:\Documents and Settings\Administrator\.m2\repository\org\apache\struts\struts2-core\2.1.8\struts2-core-2.1.8.jar;C:\Documents and Settings\Administrator\.m2\repository\com\opensymphony\xwork-core\2.1.6\xwork-core-2.1.6.jar;C:\Documents and Settings\Administrator\.m2\repository\org\freemarker\freemarker\2.3.15\freemarker-2.3.15.jar;C:\Documents and Settings\Administrator\.m2\repository\ognl\ognl\2.7.3\ognl-2.7.3.jar;C:\Program Files\Java\jdk1.6.0_24\jre\..\lib\tools.jar;C:\Documents and Settings\Administrator\.m2\repository\org\apache\struts\struts2-convention-plugin\2.1.8\struts2-convention-plugin-2.1.8.jar;C:\Documents and Settings\Administrator\.m2\repository\org\apache\struts\struts2-spring-plugin\2.1.8\struts2-spring-plugin-2.1.8.jar;C:\Documents and Settings\Administrator\.m2\repository\commons-fileupload\commons-fileupload\1.2.1\commons-fileupload-1.2.1.jar;C:\Documents and Settings\Administrator\.m2\repository\commons-io\commons-io\2.0.1\commons-io-2.0.1.jar;C:\Documents and Settings\Administrator\.m2\repository\org\jmock\jmock\2.5.1\jmock-2.5.1.jar;C:\Documents and Settings\Administrator\.m2\repository\org\hamcrest\hamcrest-core\1.1\hamcrest-core-1.1.jar;C:\Documents and Settings\Administrator\.m2\repository\org\hamcrest\hamcrest-library\1.1\hamcrest-library-1.1.jar;C:\Documents and Settings\Administrator\.m2\repository\org\jmock\jmock-junit4\2.5.1\jmock-junit4-2.5.1.jar;C:\Documents and Settings\Administrator\.m2\repository\junit\junit-dep\4.5\junit-dep-4.5.jar;C:\Documents and Settings\Administrator\.m2\repository\junit\junit\4.8.2\junit-4.8.2.jar;C:\Documents and Settings\Administrator\.m2\repository\org\springframework\spring-test\3.0.5.RELEASE\spring-test-3.0.5.RELEASE.jar;C:\Documents and Settings\Administrator\.m2\repository\org\subethamail\subethasmtp-wiser\1.2\subethasmtp-wiser-1.2.jar;C:\Documents and Settings\Administrator\.m2\repository\org\subethamail\subethasmtp-smtp\1.2\subethasmtp-smtp-1.2.jar;C:\Documents and Settings\Administrator\.m2\repository\commons-logging\commons-logging\1.1\commons-logging-1.1.jar;C:\Documents and Settings\Administrator\.m2\repository\logkit\logkit\1.0.1\logkit-1.0.1.jar;C:\Documents and Settings\Administrator\.m2\repository\avalon-framework\avalon-framework\4.1.3\avalon-framework-4.1.3.jar;C:\Documents and Settings\Administrator\.m2\repository\javax\mail\mail\1.4\mail-1.4.jar;C:\Documents and Settings\Administrator\.m2\repository\javax\activation\activation\1.1\activation-1.1.jar;"/>
    <property name="java.specification.name" value="Java Platform API Specification"/>
    <property name="java.class.version" value="50.0"/>
    <property name="sun.management.compiler" value="HotSpot Client Compiler"/>
    <property name="os.version" value="5.1"/>
    <property name="user.home" value="C:\Documents and Settings\Administrator"/>
    <property name="user.timezone" value="America/New_York"/>
    <property name="java.awt.printerjob" value="sun.awt.windows.WPrinterJob"/>
    <property name="java.specification.version" value="1.6"/>
    <property name="file.encoding" value="Cp1252"/>
    <property name="user.name" value="Administrator"/>
    <property name="java.class.path" value="D:\project\edu\core\target\test-classes;D:\project\edu\core\target\classes;C:\Documents and Settings\Administrator\.m2\repository\org\appfuse\appfuse-service\2.1.0\appfuse-service-2.1.0.jar;C:\Documents and Settings\Administrator\.m2\repository\velocity\velocity\1.4\velocity-1.4.jar;C:\Documents and Settings\Administrator\.m2\repository\velocity\velocity-dep\1.4\velocity-dep-1.4.jar;C:\Documents and Settings\Administrator\.m2\repository\org\apache\cxf\cxf-rt-frontend-jaxrs\2.3.3\cxf-rt-frontend-jaxrs-2.3.3.jar;C:\Documents and Settings\Administrator\.m2\repository\org\apache\cxf\cxf-api\2.3.3\cxf-api-2.3.3.jar;C:\Documents and Settings\Administrator\.m2\repository\org\apache\neethi\neethi\2.0.4\neethi-2.0.4.jar;C:\Documents and Settings\Administrator\.m2\repository\wsdl4j\wsdl4j\1.6.2\wsdl4j-1.6.2.jar;C:\Documents and Settings\Administrator\.m2\repository\org\apache\cxf\cxf-common-schemas\2.3.3\cxf-common-schemas-2.3.3.jar;C:\Documents and Settings\Administrator\.m2\repository\org\apache\cxf\cxf-rt-core\2.3.3\cxf-rt-core-2.3.3.jar;C:\Documents and Settings\Administrator\.m2\repository\com\sun\xml\bind\jaxb-impl\2.1.13\jaxb-impl-2.1.13.jar;C:\Documents and Settings\Administrator\.m2\repository\org\apache\geronimo\specs\geronimo-javamail_1.4_spec\1.7.1\geronimo-javamail_1.4_spec-1.7.1.jar;C:\Documents and Settings\Administrator\.m2\repository\javax\ws\rs\jsr311-api\1.1.1\jsr311-api-1.1.1.jar;C:\Documents and Settings\Administrator\.m2\repository\org\apache\cxf\cxf-rt-bindings-xml\2.3.3\cxf-rt-bindings-xml-2.3.3.jar;C:\Documents and Settings\Administrator\.m2\repository\org\codehaus\jettison\jettison\1.2\jettison-1.2.jar;C:\Documents and Settings\Administrator\.m2\repository\org\codehaus\woodstox\woodstox-core-asl\4.1.1\woodstox-core-asl-4.1.1.jar;C:\Documents and Settings\Administrator\.m2\repository\javax\xml\stream\stax-api\1.0-2\stax-api-1.0-2.jar;C:\Documents and Settings\Administrator\.m2\repository\org\codehaus\woodstox\stax2-api\3.1.1\stax2-api-3.1.1.jar;C:\Documents and Settings\Administrator\.m2\repository\org\apache\cxf\cxf-common-utilities\2.3.3\cxf-common-utilities-2.3.3.jar;C:\Documents and Settings\Administrator\.m2\repository\org\apache\ws\commons\schema\XmlSchema\1.4.7\XmlSchema-1.4.7.jar;C:\Documents and Settings\Administrator\.m2\repository\org\apache\cxf\cxf-rt-transports-http\2.3.3\cxf-rt-transports-http-2.3.3.jar;C:\Documents and Settings\Administrator\.m2\repository\org\apache\cxf\cxf-rt-transports-common\2.3.3\cxf-rt-transports-common-2.3.3.jar;C:\Documents and Settings\Administrator\.m2\repository\org\apache\cxf\cxf-rt-frontend-jaxws\2.3.3\cxf-rt-frontend-jaxws-2.3.3.jar;C:\Documents and Settings\Administrator\.m2\repository\xml-resolver\xml-resolver\1.2\xml-resolver-1.2.jar;C:\Documents and Settings\Administrator\.m2\repository\asm\asm\3.3\asm-3.3.jar;C:\Documents and Settings\Administrator\.m2\repository\org\apache\cxf\cxf-rt-bindings-soap\2.3.3\cxf-rt-bindings-soap-2.3.3.jar;C:\Documents and Settings\Administrator\.m2\repository\org\apache\cxf\cxf-tools-common\2.3.3\cxf-tools-common-2.3.3.jar;C:\Documents and Settings\Administrator\.m2\repository\org\apache\cxf\cxf-rt-databinding-jaxb\2.3.3\cxf-rt-databinding-jaxb-2.3.3.jar;C:\Documents and Settings\Administrator\.m2\repository\org\apache\cxf\cxf-rt-frontend-simple\2.3.3\cxf-rt-frontend-simple-2.3.3.jar;C:\Documents and Settings\Administrator\.m2\repository\org\apache\cxf\cxf-rt-ws-addr\2.3.3\cxf-rt-ws-addr-2.3.3.jar;C:\Documents and Settings\Administrator\.m2\repository\org\codehaus\jackson\jackson-jaxrs\1.7.1\jackson-jaxrs-1.7.1.jar;C:\Documents and Settings\Administrator\.m2\repository\org\codehaus\jackson\jackson-core-asl\1.7.1\jackson-core-asl-1.7.1.jar;C:\Documents and Settings\Administrator\.m2\repository\org\codehaus\jackson\jackson-mapper-asl\1.7.1\jackson-mapper-asl-1.7.1.jar;C:\Documents and Settings\Administrator\.m2\repository\org\springframework\spring-aspects\3.0.5.RELEASE\spring-aspects-3.0.5.RELEASE.jar;C:\Documents and Settings\Administrator\.m2\repository\org\springframework\spring-context-support\3.0.5.RELEASE\spring-context-support-3.0.5.RELEASE.jar;C:\Documents and Settings\Administrator\.m2\repository\commons-dbcp\commons-dbcp\1.3\commons-dbcp-1.3.jar;C:\Documents and Settings\Administrator\.m2\repository\commons-pool\commons-pool\1.5.4\commons-pool-1.5.4.jar;C:\Documents and Settings\Administrator\.m2\repository\org\directwebremoting\dwr\2.0.3\dwr-2.0.3.jar;C:\Documents and Settings\Administrator\.m2\repository\net\sf\ehcache\ehcache-web\2.0.3\ehcache-web-2.0.3.jar;C:\Documents and Settings\Administrator\.m2\repository\javax\servlet\jstl\1.1.2\jstl-1.1.2.jar;C:\Documents and Settings\Administrator\.m2\repository\taglibs\standard\1.1.2\standard-1.1.2.jar;C:\Documents and Settings\Administrator\.m2\repository\struts-menu\struts-menu\2.4.3\struts-menu-2.4.3.jar;C:\Documents and Settings\Administrator\.m2\repository\commons-digester\commons-digester\1.7\commons-digester-1.7.jar;C:\Documents and Settings\Administrator\.m2\repository\velocity-tools\velocity-tools-view\1.0\velocity-tools-view-1.0.jar;C:\Documents and Settings\Administrator\.m2\repository\opensymphony\sitemesh\2.4.2\sitemesh-2.4.2.jar;C:\Documents and Settings\Administrator\.m2\repository\org\springframework\spring-aop\3.0.5.RELEASE\spring-aop-3.0.5.RELEASE.jar;C:\Documents and Settings\Administrator\.m2\repository\aopalliance\aopalliance\1.0\aopalliance-1.0.jar;C:\Documents and Settings\Administrator\.m2\repository\org\springframework\spring-asm\3.0.5.RELEASE\spring-asm-3.0.5.RELEASE.jar;C:\Documents and Settings\Administrator\.m2\repository\org\springframework\spring-beans\3.0.5.RELEASE\spring-beans-3.0.5.RELEASE.jar;C:\Documents and Settings\Administrator\.m2\repository\org\springframework\spring-core\3.0.5.RELEASE\spring-core-3.0.5.RELEASE.jar;C:\Documents and Settings\Administrator\.m2\repository\org\springframework\security\spring-security-taglibs\3.0.5.RELEASE\spring-security-taglibs-3.0.5.RELEASE.jar;C:\Documents and Settings\Administrator\.m2\repository\org\springframework\security\spring-security-web\3.0.5.RELEASE\spring-security-web-3.0.5.RELEASE.jar;C:\Documents and Settings\Administrator\.m2\repository\org\springframework\security\spring-security-acl\3.0.5.RELEASE\spring-security-acl-3.0.5.RELEASE.jar;C:\Documents and Settings\Administrator\.m2\repository\org\springframework\spring-webmvc\3.0.5.RELEASE\spring-webmvc-3.0.5.RELEASE.jar;C:\Documents and Settings\Administrator\.m2\repository\org\springframework\spring-context\3.0.5.RELEASE\spring-context-3.0.5.RELEASE.jar;C:\Documents and Settings\Administrator\.m2\repository\org\springframework\spring-expression\3.0.5.RELEASE\spring-expression-3.0.5.RELEASE.jar;C:\Documents and Settings\Administrator\.m2\repository\org\springframework\spring-web\3.0.5.RELEASE\spring-web-3.0.5.RELEASE.jar;C:\Documents and Settings\Administrator\.m2\repository\org\tuckey\urlrewritefilter\3.1.0\urlrewritefilter-3.1.0.jar;C:\Documents and Settings\Administrator\.m2\repository\commons-lang\commons-lang\2.6\commons-lang-2.6.jar;C:\Documents and Settings\Administrator\.m2\repository\org\springframework\security\spring-security-core\3.0.5.RELEASE\spring-security-core-3.0.5.RELEASE.jar;C:\Documents and Settings\Administrator\.m2\repository\org\springframework\spring-tx\3.0.3.RELEASE\spring-tx-3.0.3.RELEASE.jar;C:\Documents and Settings\Administrator\.m2\repository\org\springframework\security\spring-security-config\3.0.5.RELEASE\spring-security-config-3.0.5.RELEASE.jar;C:\Documents and Settings\Administrator\.m2\repository\org\aspectj\aspectjweaver\1.6.10\aspectjweaver-1.6.10.jar;C:\Documents and Settings\Administrator\.m2\repository\org\aspectj\aspectjrt\1.6.10\aspectjrt-1.6.10.jar;C:\Documents and Settings\Administrator\.m2\repository\org\slf4j\slf4j-api\1.6.1\slf4j-api-1.6.1.jar;C:\Documents and Settings\Administrator\.m2\repository\org\slf4j\jcl-over-slf4j\1.6.1\jcl-over-slf4j-1.6.1.jar;C:\Documents and Settings\Administrator\.m2\repository\org\slf4j\slf4j-log4j12\1.6.1\slf4j-log4j12-1.6.1.jar;C:\Documents and Settings\Administrator\.m2\repository\log4j\log4j\1.2.16\log4j-1.2.16.jar;C:\Documents and Settings\Administrator\.m2\repository\org\appfuse\appfuse-hibernate\2.1.0\appfuse-hibernate-2.1.0.jar;C:\Documents and Settings\Administrator\.m2\repository\org\appfuse\appfuse-data-common\2.1.0\appfuse-data-common-2.1.0.jar;C:\Documents and Settings\Administrator\.m2\repository\org\hibernate\java-persistence\jpa-api\2.0-cr-1\jpa-api-2.0-cr-1.jar;C:\Documents and Settings\Administrator\.m2\repository\javax\xml\bind\jaxb-api\2.2\jaxb-api-2.2.jar;C:\Documents and Settings\Administrator\.m2\repository\org\compass-project\compass\2.2.0\compass-2.2.0.jar;C:\Documents and Settings\Administrator\.m2\repository\org\apache\lucene\lucene-core\2.4.1\lucene-core-2.4.1.jar;C:\Documents and Settings\Administrator\.m2\repository\org\hibernate\hibernate-core\3.6.1.Final\hibernate-core-3.6.1.Final.jar;C:\Documents and Settings\Administrator\.m2\repository\antlr\antlr\2.7.6\antlr-2.7.6.jar;C:\Documents and Settings\Administrator\.m2\repository\dom4j\dom4j\1.6.1\dom4j-1.6.1.jar;C:\Documents and Settings\Administrator\.m2\repository\org\hibernate\hibernate-commons-annotations\3.2.0.Final\hibernate-commons-annotations-3.2.0.Final.jar;C:\Documents and Settings\Administrator\.m2\repository\org\hibernate\javax\persistence\hibernate-jpa-2.0-api\1.0.0.Final\hibernate-jpa-2.0-api-1.0.0.Final.jar;C:\Documents and Settings\Administrator\.m2\repository\javax\transaction\jta\1.1\jta-1.1.jar;C:\Documents and Settings\Administrator\.m2\repository\javassist\javassist\3.12.1.GA\javassist-3.12.1.GA.jar;C:\Documents and Settings\Administrator\.m2\repository\org\hibernate\hibernate-ehcache\3.6.1.Final\hibernate-ehcache-3.6.1.Final.jar;C:\Documents and Settings\Administrator\.m2\repository\net\sf\ehcache\ehcache-core\2.3.1\ehcache-core-2.3.1.jar;C:\Documents and Settings\Administrator\.m2\repository\commons-beanutils\commons-beanutils\1.8.3\commons-beanutils-1.8.3.jar;C:\Documents and Settings\Administrator\.m2\repository\org\springframework\spring-jdbc\3.0.5.RELEASE\spring-jdbc-3.0.5.RELEASE.jar;C:\Documents and Settings\Administrator\.m2\repository\org\springframework\spring-orm\3.0.5.RELEASE\spring-orm-3.0.5.RELEASE.jar;C:\Documents and Settings\Administrator\.m2\repository\mysql\mysql-connector-java\5.1.14\mysql-connector-java-5.1.14.jar;C:\Documents and Settings\Administrator\.m2\repository\displaytag\displaytag\1.2\displaytag-1.2.jar;C:\Documents and Settings\Administrator\.m2\repository\commons-collections\commons-collections\3.1\commons-collections-3.1.jar;C:\Documents and Settings\Administrator\.m2\repository\com\lowagie\itext\1.3\itext-1.3.jar;C:\Documents and Settings\Administrator\.m2\repository\javax\servlet\servlet-api\2.5\servlet-api-2.5.jar;C:\Documents and Settings\Administrator\.m2\repository\javax\servlet\jsp\jsp-api\2.1\jsp-api-2.1.jar;C:\Documents and Settings\Administrator\.m2\repository\org\apache\struts\struts2-core\2.1.8\struts2-core-2.1.8.jar;C:\Documents and Settings\Administrator\.m2\repository\com\opensymphony\xwork-core\2.1.6\xwork-core-2.1.6.jar;C:\Documents and Settings\Administrator\.m2\repository\org\freemarker\freemarker\2.3.15\freemarker-2.3.15.jar;C:\Documents and Settings\Administrator\.m2\repository\ognl\ognl\2.7.3\ognl-2.7.3.jar;C:\Program Files\Java\jdk1.6.0_24\jre\..\lib\tools.jar;C:\Documents and Settings\Administrator\.m2\repository\org\apache\struts\struts2-convention-plugin\2.1.8\struts2-convention-plugin-2.1.8.jar;C:\Documents and Settings\Administrator\.m2\repository\org\apache\struts\struts2-spring-plugin\2.1.8\struts2-spring-plugin-2.1.8.jar;C:\Documents and Settings\Administrator\.m2\repository\commons-fileupload\commons-fileupload\1.2.1\commons-fileupload-1.2.1.jar;C:\Documents and Settings\Administrator\.m2\repository\commons-io\commons-io\2.0.1\commons-io-2.0.1.jar;C:\Documents and Settings\Administrator\.m2\repository\org\jmock\jmock\2.5.1\jmock-2.5.1.jar;C:\Documents and Settings\Administrator\.m2\repository\org\hamcrest\hamcrest-core\1.1\hamcrest-core-1.1.jar;C:\Documents and Settings\Administrator\.m2\repository\org\hamcrest\hamcrest-library\1.1\hamcrest-library-1.1.jar;C:\Documents and Settings\Administrator\.m2\repository\org\jmock\jmock-junit4\2.5.1\jmock-junit4-2.5.1.jar;C:\Documents and Settings\Administrator\.m2\repository\junit\junit-dep\4.5\junit-dep-4.5.jar;C:\Documents and Settings\Administrator\.m2\repository\junit\junit\4.8.2\junit-4.8.2.jar;C:\Documents and Settings\Administrator\.m2\repository\org\springframework\spring-test\3.0.5.RELEASE\spring-test-3.0.5.RELEASE.jar;C:\Documents and Settings\Administrator\.m2\repository\org\subethamail\subethasmtp-wiser\1.2\subethasmtp-wiser-1.2.jar;C:\Documents and Settings\Administrator\.m2\repository\org\subethamail\subethasmtp-smtp\1.2\subethasmtp-smtp-1.2.jar;C:\Documents and Settings\Administrator\.m2\repository\commons-logging\commons-logging\1.1\commons-logging-1.1.jar;C:\Documents and Settings\Administrator\.m2\repository\logkit\logkit\1.0.1\logkit-1.0.1.jar;C:\Documents and Settings\Administrator\.m2\repository\avalon-framework\avalon-framework\4.1.3\avalon-framework-4.1.3.jar;C:\Documents and Settings\Administrator\.m2\repository\javax\mail\mail\1.4\mail-1.4.jar;C:\Documents and Settings\Administrator\.m2\repository\javax\activation\activation\1.1\activation-1.1.jar;"/>
    <property name="java.vm.specification.version" value="1.0"/>
    <property name="sun.arch.data.model" value="32"/>
    <property name="java.home" value="C:\Program Files\Java\jdk1.6.0_24\jre"/>
    <property name="java.specification.vendor" value="Sun Microsystems Inc."/>
    <property name="user.language" value="en"/>
    <property name="org.apache.lucene.FSDirectory.class" value="org.apache.lucene.store.FSDirectory"/>
    <property name="awt.toolkit" value="sun.awt.windows.WToolkit"/>
    <property name="java.vm.info" value="mixed mode, sharing"/>
    <property name="java.version" value="1.6.0_24"/>
    <property name="java.ext.dirs" value="C:\Program Files\Java\jdk1.6.0_24\jre\lib\ext;C:\WINDOWS\Sun\Java\lib\ext"/>
    <property name="sun.boot.class.path" value="C:\Program Files\Java\jdk1.6.0_24\jre\lib\resources.jar;C:\Program Files\Java\jdk1.6.0_24\jre\lib\rt.jar;C:\Program Files\Java\jdk1.6.0_24\jre\lib\sunrsasign.jar;C:\Program Files\Java\jdk1.6.0_24\jre\lib\jsse.jar;C:\Program Files\Java\jdk1.6.0_24\jre\lib\jce.jar;C:\Program Files\Java\jdk1.6.0_24\jre\lib\charsets.jar;C:\Program Files\Java\jdk1.6.0_24\jre\lib\modules\jdk.boot.jar;C:\Program Files\Java\jdk1.6.0_24\jre\classes"/>
    <property name="java.vendor" value="Sun Microsystems Inc."/>
    <property name="localRepository" value="C:\Documents and Settings\Administrator\.m2\repository"/>
    <property name="file.separator" value="\"/>
    <property name="java.vendor.url.bug" value="http://java.sun.com/cgi-bin/bugreport.cgi"/>
    <property name="sun.cpu.endian" value="little"/>
    <property name="sun.io.unicode.encoding" value="UnicodeLittle"/>
    <property name="sun.desktop" value="windows"/>
    <property name="sun.cpu.isalist" value="pentium_pro+mmx pentium_pro pentium+mmx pentium i486 i386 i86"/>
  </properties>
  <testcase time="9.703" classname="com.edu.webapp.listener.StartupListenerTest" name="testContextInitialized">
    <error message="Failed to rename index [target/test-index/index/tutorial] to [target\test-index\index\tutorial-copy0]" type="org.compass.core.engine.SearchEngineException">org.compass.core.engine.SearchEngineException: Failed to rename index [target/test-index/index/tutorial] to [target\test-index\index\tutorial-copy0]
	at org.compass.core.lucene.engine.store.FSDirectoryStore.beforeCopyFrom(FSDirectoryStore.java:157)
	at org.compass.core.lucene.engine.store.DefaultLuceneSearchEngineStore.copyFrom(DefaultLuceneSearchEngineStore.java:616)
	at org.compass.core.lucene.engine.store.DefaultLuceneSearchEngineStore.copyFrom(DefaultLuceneSearchEngineStore.java:602)
	at org.compass.core.lucene.engine.manager.DefaultLuceneSearchEngineIndexManager$ReplaceIndexOperationCallback$1$1.run(DefaultLuceneSearchEngineIndexManager.java:298)
	at org.compass.core.lucene.engine.manager.IndexHoldersCache.doUnderCacheLock(IndexHoldersCache.java:126)
	at org.compass.core.lucene.engine.manager.DefaultLuceneSearchEngineIndexManager$ReplaceIndexOperationCallback$1.doInTransaction(DefaultLuceneSearchEngineIndexManager.java:294)
	at org.compass.core.impl.DefaultCompass$CompassTransactionContext.execute(DefaultCompass.java:423)
	at org.compass.core.lucene.engine.manager.DefaultLuceneSearchEngineIndexManager$ReplaceIndexOperationCallback.secondStep(DefaultLuceneSearchEngineIndexManager.java:290)
	at org.compass.core.lucene.engine.manager.DefaultLuceneSearchEngineIndexManager.doOperate(DefaultLuceneSearchEngineIndexManager.java:248)
	at org.compass.core.lucene.engine.manager.DefaultLuceneSearchEngineIndexManager.doReplaceIndex(DefaultLuceneSearchEngineIndexManager.java:266)
	at org.compass.core.lucene.engine.manager.DefaultLuceneSearchEngineIndexManager.replaceIndex(DefaultLuceneSearchEngineIndexManager.java:261)
	at org.compass.gps.impl.SingleCompassGps.doIndex(SingleCompassGps.java:118)
	at org.compass.gps.impl.AbstractCompassGps.index(AbstractCompassGps.java:154)
	at org.compass.gps.impl.AbstractCompassGps.index(AbstractCompassGps.java:128)
	at com.edu.webapp.listener.StartupListener.setupContext(StartupListener.java:110)
	at com.edu.webapp.listener.StartupListener.contextInitialized(StartupListener.java:93)
	at com.edu.webapp.listener.StartupListenerTest.testContextInitialized(StartupListenerTest.java:50)
	at sun.reflect.NativeMethodAccessorImpl.invoke0(Native Method)
	at sun.reflect.NativeMethodAccessorImpl.invoke(NativeMethodAccessorImpl.java:39)
	at sun.reflect.DelegatingMethodAccessorImpl.invoke(DelegatingMethodAccessorImpl.java:25)
	at java.lang.reflect.Method.invoke(Method.java:597)
	at junit.framework.TestCase.runTest(TestCase.java:168)
	at junit.framework.TestCase.runBare(TestCase.java:134)
	at junit.framework.TestResult$1.protect(TestResult.java:110)
	at junit.framework.TestResult.runProtected(TestResult.java:128)
	at junit.framework.TestResult.run(TestResult.java:113)
	at junit.framework.TestCase.run(TestCase.java:124)
	at junit.framework.TestSuite.runTest(TestSuite.java:232)
	at junit.framework.TestSuite.run(TestSuite.java:227)
	at org.junit.internal.runners.JUnit38ClassRunner.run(JUnit38ClassRunner.java:79)
	at org.apache.maven.surefire.junit4.JUnit4TestSet.execute(JUnit4TestSet.java:35)
	at org.apache.maven.surefire.junit4.JUnit4Provider.executeTestSet(JUnit4Provider.java:146)
	at org.apache.maven.surefire.junit4.JUnit4Provider.invoke(JUnit4Provider.java:97)
	at sun.reflect.NativeMethodAccessorImpl.invoke0(Native Method)
	at sun.reflect.NativeMethodAccessorImpl.invoke(NativeMethodAccessorImpl.java:39)
	at sun.reflect.DelegatingMethodAccessorImpl.invoke(DelegatingMethodAccessorImpl.java:25)
	at java.lang.reflect.Method.invoke(Method.java:597)
	at org.apache.maven.surefire.booter.ProviderFactory$ClassLoaderProxy.invoke(ProviderFactory.java:103)
	at $Proxy0.invoke(Unknown Source)
	at org.apache.maven.surefire.booter.SurefireStarter.invokeProvider(SurefireStarter.java:145)
	at org.apache.maven.surefire.booter.SurefireStarter.runSuitesInProcess(SurefireStarter.java:87)
	at org.apache.maven.surefire.booter.ForkedBooter.main(ForkedBooter.java:69)
</error>
    <system-out>@SLTests run: 1, Failures: 0, Errors: 0, Skipped: 0, Time elapsed: 0.562 sec
@SLRunning com.edu.webapp.listener.StartupListenerTest
DEBUG - LookupDaoHibernate.getRoles(38) | Retrieving all role names...
</system-out>
  </testcase>
</testsuite>